<?xml version="1.0" encoding="UTF-8"?>
<!-- Generated by org.testng.reporters.JUnitXMLReporter -->
<testsuite hostname="UmaSundar" name="Default test" tests="3" failures="0" timestamp="17 Feb 2020 04:39:15 GMT" time="4.541" errors="0">
  <testcase name="validateCreateCustomerAPI" time="3.201" classname="com.w2a.testCases.CreateParam"/>
  <testcase name="validateCreateCustomerAPI" time="0.634" classname="com.w2a.testCases.CreateParam"/>
  <testcase name="validateCreateCustomerAPI" time="0.638" classname="com.w2a.testCases.CreateParam"/>
</testsuite> <!-- Default test -->
